[2021-04-14 16:12:42] [info]  [17856] Apache Commons Daemon procrun (1.2.4.0 64-bit) started.
[2021-04-14 16:12:42] [info]  [17856] Installing service 'Tomcat8' name 'Apache Tomcat 8.5 Tomcat8'.
[2021-04-14 16:12:42] [info]  [17856] Service 'Tomcat8' installed.
[2021-04-14 16:12:42] [info]  [17856] Apache Commons Daemon procrun finished.
[2021-04-14 16:12:42] [info]  [18496] Apache Commons Daemon procrun (1.2.4.0 64-bit) started.
[2021-04-14 16:12:42] [info]  [18496] Updating service...
[2021-04-14 16:12:42] [info]  [18496] Updated service 'Tomcat8'.
[2021-04-14 16:12:43] [info]  [18496] Finished updating service 'Tomcat8'.
[2021-04-14 16:12:43] [info]  [18496] Apache Commons Daemon procrun finished.
[2021-04-14 16:12:43] [info]  [11508] Apache Commons Daemon procrun (1.2.4.0 64-bit) started.
[2021-04-14 16:12:43] [info]  [11508] Updating service...
[2021-04-14 16:12:43] [info]  [11508] Updated service 'Tomcat8'.
[2021-04-14 16:12:43] [info]  [11508] Finished updating service 'Tomcat8'.
[2021-04-14 16:12:43] [info]  [11508] Apache Commons Daemon procrun finished.
[2021-04-14 16:12:43] [info]  [ 1464] Apache Commons Daemon procrun (1.2.4.0 64-bit) started.
[2021-04-14 16:12:43] [info]  [ 1464] Updating service...
[2021-04-14 16:12:43] [info]  [ 1464] Updated service 'Tomcat8'.
[2021-04-14 16:12:43] [info]  [ 1464] Finished updating service 'Tomcat8'.
[2021-04-14 16:12:43] [info]  [ 1464] Apache Commons Daemon procrun finished.
[2021-04-14 16:12:43] [info]  [18228] Apache Commons Daemon procrun (1.2.4.0 64-bit) started.
[2021-04-14 16:12:43] [info]  [18228] Updating service...
[2021-04-14 16:12:43] [info]  [18228] Updated service 'Tomcat8'.
[2021-04-14 16:12:43] [info]  [18228] Finished updating service 'Tomcat8'.
[2021-04-14 16:12:43] [info]  [18228] Apache Commons Daemon procrun finished.
[2021-04-14 16:12:49] [info]  [ 1756] Apache Commons Daemon procrun (1.2.4.0 64-bit) started.
[2021-04-14 16:12:49] [info]  [ 1756] Running Service 'Tomcat8'...
[2021-04-14 16:12:49] [info]  [16716] Starting service...
[2021-04-14 16:12:51] [info]  [16716] Service started in 1310 milliseconds.
[2021-04-14 18:01:05] [info]  [18404] Stopping service...
[2021-04-14 18:01:06] [info]  [18404] Service stop thread completed.
[2021-04-14 18:01:06] [info]  [ 1756] Run service finished.
[2021-04-14 18:01:06] [info]  [ 1756] Apache Commons Daemon procrun finished.
[2021-04-14 18:02:36] [info]  [ 7732] Apache Commons Daemon procrun (1.2.4.0 64-bit) started.
[2021-04-14 18:02:36] [info]  [ 7732] Running Service 'Tomcat8'...
[2021-04-14 18:02:36] [info]  [12584] Starting service...
[2021-04-14 18:02:37] [info]  [12584] Service started in 1379 milliseconds.
[2021-04-16 13:47:38] [info]  [ 1032] Console SHUTDOWN event signaled.
[2021-04-16 13:47:38] [info]  [ 1032] Stopping service...
[2021-04-16 13:47:39] [info]  [ 1032] Service stop thread completed.
[2021-04-16 13:47:39] [info]  [ 7732] Run service finished.
[2021-04-16 13:47:39] [info]  [ 7732] Apache Commons Daemon procrun finished.
