
2021-04-19 20:56:40 Apache Commons Daemon procrun stdout initialized.

2021-04-19 22:36:06 Apache Commons Daemon procrun stdout initialized.
connecting to DB...
connecting to DB...
connecting to DB...
11111111
connecting to DB...
11111111
connecting to DB...
11111111
connecting to DB...
11111111
connecting to DB...
11111111
connecting to DB...
11111111
connecting to DB...
11111111
connecting to DB...
init student table finished!!
con't find the id of student.
connecting to DB...
init student table finished!!
111111111
connecting to DB...
init student table finished!!
connecting to DB...
init student table finished!!
connecting to DB...
init student table finished!!
connecting to DB...
init student table finished!!
1111111
connecting to DB...
init student table finished!!
